2024-11-24 23:43:38,881 file.manager INFO 2.0.2
2024-11-24 23:43:38,882 file.manager INFO Copyright (C) 2003-2024, Noriaki Ando and OpenRTM development team,
2024-11-24 23:43:38,882 file.manager INFO   Intelligent Systems Research Institute, AIST,
2024-11-24 23:43:38,882 file.manager INFO Copyright (C) 2024, Noriaki Ando and OpenRTM development team,
2024-11-24 23:43:38,882 file.manager INFO   Industrial Cyber-Physical Research Center, AIST,
2024-11-24 23:43:38,882 file.manager INFO   All right reserved.
2024-11-24 23:43:38,882 file.manager INFO Manager starting.
2024-11-24 23:43:38,882 file.manager INFO Starting local logging.
2024-11-24 23:43:38,901 file.manager.namingmanager INFO NameServer connection succeeded: corba/localhost
2024-11-24 23:43:42,990 file.ManagerServant INFO Master manager not found
2024-11-24 23:43:42,993 file.LocalServiceAdmin INFO All the local services are enabled.
2024-11-24 23:43:43,004 file.manager INFO Component type conf file: linemessaging_api.conf loaded.
2024-11-24 23:43:43,006 file.ec_base INFO setRate(1000000.000000) done
2024-11-24 23:43:43,006 file.ec_base INFO setRate(1.000000) done
2024-11-24 23:43:43,007 file.rtobject INFO 1 execution context was created.
2024-11-24 23:43:43,017 file.rtobject INFO Initial active configuration set is default.
2024-11-24 23:43:57,129 file.ManagerServant INFO Master manager not found
2024-11-24 23:44:07,158 file.ManagerServant INFO Master manager not found
2024-11-24 23:44:17,190 file.ManagerServant INFO Master manager not found
2024-11-24 23:44:27,189 file.ManagerServant INFO Master manager not found
2024-11-24 23:44:37,357 file.ManagerServant INFO Master manager not found
2024-11-24 23:44:47,399 file.ManagerServant INFO Master manager not found
2024-11-24 23:44:57,445 file.ManagerServant INFO Master manager not found
2024-11-24 23:45:07,496 file.ManagerServant INFO Master manager not found
2024-11-24 23:45:17,621 file.ManagerServant INFO Master manager not found
2024-11-24 23:45:27,706 file.ManagerServant INFO Master manager not found
2024-11-24 23:45:37,769 file.ManagerServant INFO Master manager not found
2024-11-24 23:45:47,868 file.ManagerServant INFO Master manager not found
2024-11-24 23:45:57,836 file.ManagerServant INFO Master manager not found
2024-11-24 23:46:07,906 file.ManagerServant INFO Master manager not found
2024-11-24 23:46:18,129 file.ManagerServant INFO Master manager not found
2024-11-24 23:46:27,977 file.ManagerServant INFO Master manager not found
2024-11-24 23:46:38,003 file.ManagerServant INFO Master manager not found
2024-11-24 23:46:48,056 file.ManagerServant INFO Master manager not found
2024-11-24 23:46:58,111 file.ManagerServant INFO Master manager not found
2024-11-24 23:47:08,173 file.ManagerServant INFO Master manager not found
2024-11-24 23:47:18,261 file.ManagerServant INFO Master manager not found
2024-11-24 23:47:28,292 file.ManagerServant INFO Master manager not found
2024-11-24 23:47:38,349 file.ManagerServant INFO Master manager not found
2024-11-24 23:47:48,396 file.ManagerServant INFO Master manager not found
2024-11-24 23:47:58,430 file.ManagerServant INFO Master manager not found
2024-11-24 23:48:08,517 file.ManagerServant INFO Master manager not found
2024-11-24 23:48:18,558 file.ManagerServant INFO Master manager not found
2024-11-24 23:48:28,652 file.ManagerServant INFO Master manager not found
2024-11-24 23:48:38,718 file.ManagerServant INFO Master manager not found
2024-11-24 23:48:48,763 file.ManagerServant INFO Master manager not found
2024-11-24 23:48:58,774 file.ManagerServant INFO Master manager not found
2024-11-24 23:49:08,733 file.ManagerServant INFO Master manager not found
2024-11-24 23:49:18,880 file.ManagerServant INFO Master manager not found
2024-11-24 23:49:28,882 file.ManagerServant INFO Master manager not found
2024-11-24 23:49:38,927 file.ManagerServant INFO Master manager not found
2024-11-24 23:49:49,055 file.ManagerServant INFO Master manager not found
2024-11-24 23:49:59,103 file.ManagerServant INFO Master manager not found
2024-11-24 23:50:09,162 file.ManagerServant INFO Master manager not found
2024-11-24 23:50:19,217 file.ManagerServant INFO Master manager not found
2024-11-24 23:50:29,350 file.ManagerServant INFO Master manager not found
2024-11-24 23:50:39,413 file.ManagerServant INFO Master manager not found
2024-11-24 23:50:49,482 file.ManagerServant INFO Master manager not found
2024-11-24 23:50:59,521 file.ManagerServant INFO Master manager not found
2024-11-24 23:51:09,583 file.ManagerServant INFO Master manager not found
2024-11-24 23:51:19,664 file.ManagerServant INFO Master manager not found
2024-11-24 23:51:29,753 file.ManagerServant INFO Master manager not found
2024-11-24 23:51:39,814 file.ManagerServant INFO Master manager not found
2024-11-24 23:51:49,969 file.ManagerServant INFO Master manager not found
2024-11-24 23:51:59,915 file.ManagerServant INFO Master manager not found
